IQ-TREE multicore version 2.1.4-beta COVID-edition for Mac OS X 64-bit built Jun 24 2021
Developed by Bui Quang Minh, James Barbetti, Nguyen Lam Tung,
Olga Chernomor, Heiko Schmidt, Dominik Schrempf, Michael Woodhams.

Host:    AG (AVX2, FMA3, 8 GB RAM)
Command: iqtree -s SEQ-ALIGNED.fasta -bb 1000 -nt AUTO
Seed:    27646 (Using SPRNG - Scalable Parallel Random Number Generator)
Time:    Mon May  1 13:22:10 2023
Kernel:  AVX+FMA - auto-detect threads (4 CPU cores detected)

Reading alignment file SEQ-ALIGNED.fasta ... Fasta format detected
Alignment most likely contains DNA/RNA sequences
Alignment has 4 sequences with 16497 columns, 101 distinct patterns
255 parsimony-informative, 1269 singleton sites, 14973 constant sites
             Gap/Ambiguity  Composition  p-value
   1  NC_011361.1    0.05%    passed     91.79%
   2  HQ391897.1     0.11%    passed     99.22%
   3  OK945936.1     0.04%    passed     99.90%
   4  OL693877.1     0.06%    passed     99.39%
****  TOTAL          0.07%  0 sequences failed composition chi2 test (p-value<5%; df=3)


Create initial parsimony tree by phylogenetic likelihood library (PLL)... 0.001 seconds
Measuring multi-threading efficiency up to 4 CPU cores
Increase to 10 rounds for branch lengths
13512 trees examined
Threads: 1 / Time: 4.171 sec / Speedup: 1.000 / Efficiency: 100% / LogL: -31485
Threads: 2 / Time: 7.548 sec / Speedup: 0.553 / Efficiency: 28% / LogL: -31485
BEST NUMBER OF THREADS: 1

Perform fast likelihood tree search using GTR+I+G model...
Estimate model parameters (epsilon = 5.000)
Perform nearest neighbor interchange...
Estimate model parameters (epsilon = 1.000)
1. Initial log-likelihood: -30317.687
Optimal log-likelihood: -30317.460
Rate parameters:  A-C: 1.36778  A-G: 23.71026  A-T: 2.73055  C-G: 1.03164  C-T: 19.40384  G-T: 1.00000
Base frequencies:  A: 0.267  C: 0.296  G: 0.170  T: 0.267
Proportion of invariable sites: 0.450
Gamma shape alpha: 0.485
Parameters optimization took 1 rounds (0.002 sec)
Time for fast ML tree search: 0.014 seconds

NOTE: ModelFinder requires 0 MB RAM!
ModelFinder will test up to 286 DNA models (sample size: 16497) ...
 No. Model         -LnL         df  AIC          AICc         BIC
  1  GTR+F         30371.060    13  60768.119    60768.141    60868.361
  2  GTR+F+I       30316.994    14  60661.988    60662.013    60769.941
  3  GTR+F+G4      30317.012    14  60662.025    60662.050    60769.978
  4  GTR+F+I+G4    30317.463    15  60664.925    60664.954    60780.589
  5  GTR+F+R2      30319.478    15  60668.957    60668.986    60784.621
  6  GTR+F+R3      30317.983    17  60669.967    60670.004    60801.053
 15  SYM+I         30654.933    11  61331.866    61331.882    61416.687
 16  SYM+G4        30655.716    11  61333.431    61333.447    61418.252
 28  TVM+F+I       30321.546    13  60669.093    60669.115    60769.335
 29  TVM+F+G4      30321.564    13  60669.127    60669.150    60769.370
 41  TVMe+I        30656.223    10  61332.445    61332.459    61409.555
 42  TVMe+G4       30656.581    10  61333.161    61333.174    61410.270
 54  TIM3+F+I      30327.068    12  60678.135    60678.154    60770.667
 55  TIM3+F+G4     30327.269    12  60678.539    60678.558    60771.070
 67  TIM3e+I       30676.948    9   61371.897    61371.907    61441.295
 68  TIM3e+G4      30677.028    9   61372.056    61372.067    61441.455
 80  TIM2+F+I      30323.293    12  60670.585    60670.604    60763.117
 81  TIM2+F+G4     30323.415    12  60670.831    60670.850    60763.362
 93  TIM2e+I       30659.943    9   61337.885    61337.896    61407.284
 94  TIM2e+G4      30660.110    9   61338.219    61338.230    61407.618
106  TIM+F+I       30327.279    12  60678.558    60678.577    60771.090
107  TIM+F+G4      30327.496    12  60678.992    60679.011    60771.523
119  TIMe+I        30676.326    9   61370.652    61370.663    61440.050
120  TIMe+G4       30676.379    9   61370.759    61370.770    61440.157
132  TPM3u+F+I     30331.970    11  60685.940    60685.956    60770.760
133  TPM3u+F+G4    30332.058    11  60686.115    60686.131    60770.936
145  TPM3+F+I      30331.970    11  60685.940    60685.956    60770.760
146  TPM3+F+G4     30332.058    11  60686.115    60686.131    60770.936
158  TPM2u+F+I     30328.023    11  60678.046    60678.062    60762.867
159  TPM2u+F+G4    30328.101    11  60678.202    60678.218    60763.022
171  TPM2+F+I      30328.010    11  60678.019    60678.035    60762.840
172  TPM2+F+G4     30328.098    11  60678.196    60678.212    60763.016
184  K3Pu+F+I      30332.182    11  60686.364    60686.380    60771.184
185  K3Pu+F+G4     30332.339    11  60686.679    60686.695    60771.499
197  K3P+I         30677.606    8   61371.211    61371.220    61432.899
198  K3P+G4        30677.732    8   61371.464    61371.472    61433.151
210  TN+F+I        30331.859    11  60685.718    60685.734    60770.539
211  TN+F+G4       30331.944    11  60685.888    60685.904    60770.708
223  TNe+I         30680.456    8   61376.912    61376.921    61438.600
224  TNe+G4        30680.465    8   61376.929    61376.938    61438.617
236  HKY+F+I       30336.863    10  60693.727    60693.740    60770.836
237  HKY+F+G4      30336.903    10  60693.806    60693.819    60770.915
249  K2P+I         30681.717    7   61377.434    61377.441    61431.411
250  K2P+G4        30681.724    7   61377.448    61377.455    61431.425
262  F81+F+I       31215.479    9   62448.958    62448.969    62518.357
263  F81+F+G4      31215.613    9   62449.227    62449.238    62518.625
275  JC+I          31564.406    6   63140.812    63140.817    63187.078
276  JC+G4         31564.507    6   63141.015    63141.020    63187.280
Akaike Information Criterion:           GTR+F+I
Corrected Akaike Information Criterion: GTR+F+I
Bayesian Information Criterion:         TPM2+F+I
Best-fit model: TPM2+F+I chosen according to BIC

All model information printed to SEQ-ALIGNED.fasta.model.gz
CPU time for ModelFinder: 10.810 seconds (0h:0m:10s)
Wall-clock time for ModelFinder: 12.071 seconds (0h:0m:12s)
Generating 1000 samples for ultrafast bootstrap (seed: 27646)...

NOTE: 0 MB RAM (0 GB) is required!
Estimate model parameters (epsilon = 0.100)
1. Initial log-likelihood: -30328.010
Optimal log-likelihood: -30328.004
Rate parameters:  A-C: 1.96594  A-G: 20.97964  A-T: 1.96594  C-G: 1.00000  C-T: 20.97964  G-T: 1.00000
Base frequencies:  A: 0.267  C: 0.296  G: 0.170  T: 0.267
Proportion of invariable sites: 0.754
Parameters optimization took 1 rounds (0.001 sec)
Computing ML distances based on estimated model parameters...
Computing ML distances took 0.001914 sec (of wall-clock time) 0.000193 sec(of CPU time)
Computing RapidNJ tree took 0.000457 sec (of wall-clock time) 0.000419 sec (of CPU time)
Log-likelihood of RapidNJ tree: -30328.004
--------------------------------------------------------------------
|             INITIALIZING CANDIDATE TREE SET                      |
--------------------------------------------------------------------
Generating 99 parsimony trees... 0.035 second
Computing log-likelihood of 2 initial trees ... 0.000 seconds
Current best score: -30328.004

Do NNI search on 3 best initial trees
Finish initializing candidate tree set (3)
Current best tree score: -30328.004 / CPU time: 0.043
Number of iterations: 3
--------------------------------------------------------------------
|               OPTIMIZING CANDIDATE TREE SET                      |
--------------------------------------------------------------------
UPDATE BEST LOG-LIKELIHOOD: -30328.004
Iteration 10 / LogL: -30328.004 / Time: 0h:0m:0s
Iteration 20 / LogL: -30424.509 / Time: 0h:0m:0s
Iteration 30 / LogL: -30328.332 / Time: 0h:0m:0s (0h:0m:0s left)
Iteration 40 / LogL: -30423.810 / Time: 0h:0m:0s (0h:0m:0s left)
Iteration 50 / LogL: -30328.265 / Time: 0h:0m:0s (0h:0m:0s left)
Log-likelihood cutoff on original alignment: -30337.121
Iteration 60 / LogL: -30328.266 / Time: 0h:0m:0s (0h:0m:0s left)
Iteration 70 / LogL: -30424.509 / Time: 0h:0m:0s (0h:0m:0s left)
Iteration 80 / LogL: -30328.266 / Time: 0h:0m:0s (0h:0m:0s left)
Iteration 90 / LogL: -30328.332 / Time: 0h:0m:0s (0h:0m:0s left)
Iteration 100 / LogL: -30423.810 / Time: 0h:0m:0s (0h:0m:0s left)
Log-likelihood cutoff on original alignment: -30337.121
NOTE: Bootstrap correlation coefficient of split occurrence frequencies: 1.000
TREE SEARCH COMPLETED AFTER 101 ITERATIONS / Time: 0h:0m:0s

--------------------------------------------------------------------
|                    FINALIZING TREE SEARCH                        |
--------------------------------------------------------------------
Performs final model parameters optimization
Estimate model parameters (epsilon = 0.010)
1. Initial log-likelihood: -30328.004
2. Current log-likelihood: -30327.990
Optimal log-likelihood: -30327.989
Rate parameters:  A-C: 1.97721  A-G: 21.10609  A-T: 1.97721  C-G: 1.00000  C-T: 21.10609  G-T: 1.00000
Base frequencies:  A: 0.267  C: 0.296  G: 0.170  T: 0.267
Proportion of invariable sites: 0.754
Parameters optimization took 2 rounds (0.001 sec)
BEST SCORE FOUND : -30327.989
Creating bootstrap support values...
Split supports printed to NEXUS file SEQ-ALIGNED.fasta.splits.nex
Total tree length: 0.131

Total number of iterations: 101
CPU time used for tree search: 0.518 sec (0h:0m:0s)
Wall-clock time used for tree search: 0.372 sec (0h:0m:0s)
Total CPU time used: 0.554 sec (0h:0m:0s)
Total wall-clock time used: 0.416 sec (0h:0m:0s)

Computing bootstrap consensus tree...
Reading input file SEQ-ALIGNED.fasta.splits.nex...
4 taxa and 5 splits.
Consensus tree written to SEQ-ALIGNED.fasta.contree
Reading input trees file SEQ-ALIGNED.fasta.contree
Log-likelihood of consensus tree: -30327.989

Analysis results written to: 
  IQ-TREE report:                SEQ-ALIGNED.fasta.iqtree
  Maximum-likelihood tree:       SEQ-ALIGNED.fasta.treefile
  Likelihood distances:          SEQ-ALIGNED.fasta.mldist

Ultrafast bootstrap approximation results written to:
  Split support values:          SEQ-ALIGNED.fasta.splits.nex
  Consensus tree:                SEQ-ALIGNED.fasta.contree
  Screen log file:               SEQ-ALIGNED.fasta.log

Date and Time: Mon May  1 13:22:22 2023
